<?xml version="1.0" encoding="UTF-8"?>
<!-- Generated by org.testng.reporters.JUnitReportReporter -->
<testsuite hostname="DESKTOP-BFMJ2UG" failures="0" tests="1" name="com.dss.qa.testcases.LoginTest_for_pf" time="19.189" errors="0" timestamp="2024-12-09T22:44:52 IST" skipped="0">
  <testcase classname="com.dss.qa.testcases.LoginTest_for_pf" name="validateLoginWith_ValidCredentials" time="19.189"/>
</testsuite> <!-- com.dss.qa.testcases.LoginTest_for_pf -->
